Using pre-set license
Built from '2020.2/release' branch; Version is '2020.2.1f1 (270dd8c3da1c) revision 2559448'; Using compiler version '192528614'; Build Type 'Release'
OS: 'Windows 10  (10.0.0) 64bit' Language: 'en' Physical Memory: 16313 MB
BatchMode: 1, IsHumanControllingUs: 0, StartBugReporterOnCrash: 0, Is64bit: 1, IsPro: 0

 COMMAND LINE ARGUMENTS:
C:\UnityBuilds\2020.2.1f1\Editor\Unity.exe
-adb2
-batchMode
-noUpm
-name
AssetImportWorker0
-projectPath
E:/GitHub/PhotonMinigame/PhotonMinigame
-logFile
Logs/AssetImportWorker0.log
-srvPort
55554
Successfully changed project path to: E:/GitHub/PhotonMinigame/PhotonMinigame
E:/GitHub/PhotonMinigame/PhotonMinigame
Using Asset Import Pipeline V2.
Refreshing native plugins compatible for Editor in 46.12 ms, found 0 plugins.
Preloading 0 native plugins for Editor in 0.00 ms.
Initialize engine version: 2020.2.1f1 (270dd8c3da1c)
[Subsystems] Discovering subsystems at path C:/UnityBuilds/2020.2.1f1/Editor/Data/Resources/UnitySubsystems
[Subsystems] Discovering subsystems at path E:/GitHub/PhotonMinigame/PhotonMinigame/Assets
GfxDevice: creating device client; threaded=0
Direct3D:
    Version:  Direct3D 11.0 [level 11.1]
    Renderer: NVIDIA GeForce RTX 2060 SUPER (ID=0x1f06)
    Vendor:   
    VRAM:     8031 MB
    Driver:   27.21.14.6192
Shader 'Universal Render Pipeline/Particles/Lit': fallback shader 'Universal Render Pipeline/Particles/SimpleLit' not found
Initialize mono
Mono path[0] = 'C:/UnityBuilds/2020.2.1f1/Editor/Data/Managed'
Mono path[1] = 'C:/UnityBuilds/2020.2.1f1/Editor/Data/MonoBleedingEdge/lib/mono/unityjit'
Mono config path = 'C:/UnityBuilds/2020.2.1f1/Editor/Data/MonoBleedingEdge/etc'
Using monoOptions --debugger-agent=transport=dt_socket,embedding=1,server=y,suspend=n,address=127.0.0.1:56092
Begin MonoManager ReloadAssembly
Registering precompiled unity dll's ...
Register platform support module: C:/UnityBuilds/2020.2.1f1/Editor/Data/PlaybackEngines/MacStandaloneSupport/UnityEditor.OSXStandalone.Extensions.dll
Register platform support module: C:/UnityBuilds/2020.2.1f1/Editor/Data/PlaybackEngines/WindowsStandaloneSupport/UnityEditor.WindowsStandalone.Extensions.dll
Register platform support module: C:/UnityBuilds/2020.2.1f1/Editor/Data/PlaybackEngines/LinuxStandaloneSupport/UnityEditor.LinuxStandalone.Extensions.dll
Registered in 0.002242 seconds.
Native extension for LinuxStandalone target not found
Native extension for WindowsStandalone target not found
Native extension for OSXStandalone target not found
Refreshing native plugins compatible for Editor in 41.93 ms, found 0 plugins.
Preloading 0 native plugins for Editor in 0.00 ms.
Invoked RoslynAnalysisRunner static constructor.
RoslynAnalysisRunner will not be running.
RoslynAnalysisRunner has terminated.
Mono: successfully reloaded assembly
- Completed reload, in  1.520 seconds
Platform modules already initialized, skipping
Registering precompiled user dll's ...
Registered in 0.001862 seconds.
Begin MonoManager ReloadAssembly
Native extension for LinuxStandalone target not found
Native extension for WindowsStandalone target not found
Native extension for OSXStandalone target not found
Refreshing native plugins compatible for Editor in 43.07 ms, found 0 plugins.
Preloading 0 native plugins for Editor in 0.00 ms.
Invoked RoslynAnalysisRunner static constructor.
RoslynAnalysisRunner will not be running.
RoslynAnalysisRunner has terminated.
Mono: successfully reloaded assembly
- Completed reload, in  0.841 seconds
Platform modules already initialized, skipping
========================================================================
Worker process is ready to serve import requests
Shader 'Universal Render Pipeline/Particles/Lit': fallback shader 'Universal Render Pipeline/Particles/SimpleLit' not found
Launched and connected shader compiler UnityShaderCompiler.exe after 0.03 seconds
Refreshing native plugins compatible for Editor in 0.84 ms, found 0 plugins.
Preloading 0 native plugins for Editor in 0.00 ms.
Unloading 2568 Unused Serialized files (Serialized files now loaded: 0)
System memory in use before: 114.3 MB.
System memory in use after: 114.5 MB.

Unloading 17 unused Assets to reduce memory usage. Loaded Objects now: 3005.
Total: 3.229500 ms (FindLiveObjects: 0.525500 ms CreateObjectMapping: 0.098500 ms MarkObjects: 2.503600 ms  DeleteObjects: 0.099400 ms)

========================================================================
Received Import Request.
  path: Assets/UniversalRenderPipelineAsset.asset
  artifactKey: Guid(ced7e969cc43ce54da512252e050d34c) Importer(815301076,1909f56bfc062723c751e8b465ee728b)
Start importing Assets/UniversalRenderPipelineAsset.asset using Guid(ced7e969cc43ce54da512252e050d34c) Importer(815301076,1909f56bfc062723c751e8b465ee728b)  -> (artifact id: 'fc0b4ba7ae564021a79eb2377cc21d56') in 0.061519 seconds
  Import took 0.066309 seconds .

========================================================================
Received Import Request.
  Time since last request: 0.000335 seconds.
  path: Assets/UniversalRenderPipelineAsset_Renderer.asset
  artifactKey: Guid(0cb08e48ddfea3640bb809b326a625a2) Importer(815301076,1909f56bfc062723c751e8b465ee728b)
Start importing Assets/UniversalRenderPipelineAsset_Renderer.asset using Guid(0cb08e48ddfea3640bb809b326a625a2) Importer(815301076,1909f56bfc062723c751e8b465ee728b)  -> (artifact id: 'a4284bdc936c376e1a63c84e6b2d2b94') in 0.020105 seconds
  Import took 0.023816 seconds .

========================================================================
Received Import Request.
  Time since last request: 11.069238 seconds.
  path: Assets/Scenes
  artifactKey: Guid(de6d611a0e41381419e608c839ad65e8) Importer(815301076,1909f56bfc062723c751e8b465ee728b)
Start importing Assets/Scenes using Guid(de6d611a0e41381419e608c839ad65e8) Importer(815301076,1909f56bfc062723c751e8b465ee728b)  -> (artifact id: '238db94e676f38f89bd16b2cb39f7d36') in 0.001080 seconds
  Import took 0.004509 seconds .

========================================================================
Received Import Request.
  Time since last request: 0.008819 seconds.
  path: Assets/Scenes
  artifactKey: Guid(de6d611a0e41381419e608c839ad65e8) Importer(815301076,1909f56bfc062723c751e8b465ee728b)
Start importing Assets/Scenes using Guid(de6d611a0e41381419e608c839ad65e8) Importer(815301076,1909f56bfc062723c751e8b465ee728b)  -> (artifact id: '238db94e676f38f89bd16b2cb39f7d36') in 0.001217 seconds
  Import took 0.004808 seconds .

========================================================================
Received Import Request.
  Time since last request: 0.882615 seconds.
  path: Assets/Scenes/MainScene.unity
  artifactKey: Guid(4912dd536778ebb4ea67bcdc57811ef8) Importer(815301076,1909f56bfc062723c751e8b465ee728b)
Start importing Assets/Scenes/MainScene.unity using Guid(4912dd536778ebb4ea67bcdc57811ef8) Importer(815301076,1909f56bfc062723c751e8b465ee728b)  -> (artifact id: '40486d820a0359a2599a571a29dc044e') in 0.002183 seconds
  Import took 0.006048 seconds .

========================================================================
Received Import Request.
  Time since last request: 0.000907 seconds.
  path: Assets/Scenes/MainScene.unity
  artifactKey: Guid(4912dd536778ebb4ea67bcdc57811ef8) Importer(815301076,1909f56bfc062723c751e8b465ee728b)
Start importing Assets/Scenes/MainScene.unity using Guid(4912dd536778ebb4ea67bcdc57811ef8) Importer(815301076,1909f56bfc062723c751e8b465ee728b)  -> (artifact id: '40486d820a0359a2599a571a29dc044e') in 0.001516 seconds
  Import took 0.005375 seconds .

========================================================================
Received Import Request.
  Time since last request: 6.151882 seconds.
  path: Assets/Scenes/TestScene.unity
  artifactKey: Guid(4912dd536778ebb4ea67bcdc57811ef8) Importer(815301076,1909f56bfc062723c751e8b465ee728b)
Start importing Assets/Scenes/TestScene.unity using Guid(4912dd536778ebb4ea67bcdc57811ef8) Importer(815301076,1909f56bfc062723c751e8b465ee728b)  -> (artifact id: '043d9100e53fdaf39dd169fbef377d07') in 0.001560 seconds
  Import took 0.005122 seconds .

AssetImportWorkerClient::OnTransportError - code=2 error=End of file
